<?xml version="1.0" encoding="UTF-8"?>
<!-- Generated by org.testng.reporters.JUnitReportReporter -->
<testsuite skipped="0" hostname="anamuls-MBP.fios-router.home" name="com.testng.ExceptionTimeOutTest" tests="2" failures="0" timestamp="03 Dec 2018 17:37:13 GMT" time="0.019" errors="0">
  <testcase name="infintLoopTest" time="0.017" classname="com.testng.ExceptionTimeOutTest"/>
  <testcase name="intergerTest" time="0.002" classname="com.testng.ExceptionTimeOutTest"/>
</testsuite> <!-- com.testng.ExceptionTimeOutTest -->
