<?xml version="1.0" encoding="UTF-8"?>
<!-- Generated by org.testng.reporters.JUnitReportReporter -->
<testsuite skipped="1" hostname="anamuls-MBP.fios-router.home" name="com.parameters.HalfEbdayTest" tests="1" failures="0" timestamp="03 Dec 2018 23:45:30 GMT" time="0.000" errors="0">
  <testcase name="facebookLoginTest" time="0.000" classname="com.parameters.HalfEbdayTest">
    <skipped/>
  </testcase> <!-- facebookLoginTest -->
</testsuite> <!-- com.parameters.HalfEbdayTest -->
