<?xml version="1.0" encoding="UTF-8"?>
<!-- Generated by org.testng.reporters.JUnitReportReporter -->
<testsuite skipped="0" hostname="anamuls-MBP.fios-router.home" name="com.testng.GoogleTest" tests="6" failures="0" timestamp="03 Dec 2018 16:19:14 GMT" time="14.641" errors="0">
  <testcase name="googleTitleTest" time="2.230" classname="com.testng.GoogleTest"/>
  <testcase name="mailLinkTest" time="2.906" classname="com.testng.GoogleTest"/>
  <testcase name="googleLogoTest" time="1.889" classname="com.testng.GoogleTest"/>
  <testcase name="test1" time="3.681" classname="com.testng.GoogleTest"/>
  <testcase name="test2" time="1.967" classname="com.testng.GoogleTest"/>
  <testcase name="test3" time="1.968" classname="com.testng.GoogleTest"/>
</testsuite> <!-- com.testng.GoogleTest -->
