<?xml version="1.0" encoding="UTF-8"?>
<!-- Generated by org.testng.reporters.JUnitReportReporter -->
<testsuite skipped="0" hostname="anamuls-MBP.fios-router.home" name="com.testng.BaseTestTest" tests="1" failures="0" timestamp="02 Dec 2018 02:27:44 GMT" time="0.006" errors="0">
  <testcase name="f" time="0.006" classname="com.testng.BaseTestTest"/>
</testsuite> <!-- com.testng.BaseTestTest -->
