<?xml version="1.0" encoding="UTF-8"?>
<!-- Generated by org.testng.reporters.JUnitReportReporter -->
<testsuite skipped="0" hostname="anamuls-MBP.fios-router.home" name="com.parameters.ParameterTest" tests="1" failures="0" timestamp="03 Dec 2018 19:17:28 GMT" time="10.211" errors="0">
  <testcase name="yahooLogIns" time="10.211" classname="com.parameters.ParameterTest"/>
</testsuite> <!-- com.parameters.ParameterTest -->
