<?xml version="1.0" encoding="UTF-8"?>
<!-- Generated by org.testng.reporters.JUnitReportReporter -->
<testsuite skipped="0" hostname="anamuls-MBP.fios-router.home" name="com.testng.NewTest22" tests="1" failures="0" timestamp="03 Dec 2018 15:38:25 GMT" time="0.006" errors="0">
  <testcase name="f" time="0.006" classname="com.testng.NewTest22"/>
</testsuite> <!-- com.testng.NewTest22 -->
