<?xml version="1.0" encoding="UTF-8"?>
<!-- Generated by org.testng.reporters.JUnitReportReporter -->
<testsuite skipped="0" hostname="anamuls-MBP.fios-router.home" name="com.testng.InvocationCountTest" tests="5" failures="0" timestamp="03 Dec 2018 17:37:13 GMT" time="0.008" errors="0">
  <testcase name="sum" time="0.002" classname="com.testng.InvocationCountTest"/>
  <testcase name="sum" time="0.001" classname="com.testng.InvocationCountTest"/>
  <testcase name="sum" time="0.001" classname="com.testng.InvocationCountTest"/>
  <testcase name="sum" time="0.002" classname="com.testng.InvocationCountTest"/>
  <testcase name="sum" time="0.002" classname="com.testng.InvocationCountTest"/>
</testsuite> <!-- com.testng.InvocationCountTest -->
